cloze:さくらさんはけんさんにネクタイを{..}ました。:あげ:11
cloze:{..}がたくやさんにスポーツのざっしをあげましたか。:だれ:11
cloze:ジェインさんに{..}をあげましたか。:何:11
cloze:クリスさんはぼくにTシャツを{..}ます。:くれ:11
cloze:すずきさんは私の妹にきれいなセーターを{..}ました。:くれ:11
cloze:ぼくは姉にセーターを{..}ます。:あげ:11
cloze:母はぼくにセーターを{..}ました。:くれ:11
cloze:だれがあなたにそのはなを{..}ましたか。:くれ:11
cloze:ぼくはあなたにはなを{..}たいです。:あげ:11
cloze:妹におちゃを{..}ください。:あげて:11
cloze:私におちゃ{..}ください。:を:11
cloze:ぼくは弟にペンを{..}ました。:やり:11
cloze:私は毎日猫をキャットフードを{..}ます。:やり:11
cloze:きのうはあつかったから、はなに水を{..}ました。:やり:11
cloze:マイルルさんは友だちからふるいでん子じしょを{..}ました。:もらい:11
cloze:ひろみさん、{..}からそのはなをもらいましたか。:だれ:11
cloze:一{..}九百十円です:万:11
cloze:ざっしをー{..}ください:さつ:11
cloze:けいたいを二{..}もっています:だい:11
cloze:友達にはTシャツを一{..}ずつ買います:まい:11
cloze:ビールを二{..}のみことができます。:はい:11
cloze:あなたのごりょうしんにワインを二{..}あげたいです。:本:11
cloze:おかしを{5}食べました。:いつつ:11
cloze:とても大きい犬が{い..}、こわかったです。:いて:11
cloze:これはジョージさんの{..}おなじです。:と:11
cloze:今日も{..}くつをはきたいです。:おなじ:11
cloze:これ{..}ジョージさんのはちがいます。:と:11
cloze:三さつ{..}いくらですか。三ドルです、一ドルずつですから。:で:11
cloze:私は姉と弟が二人{..}います。4人でいます。:ずつ:11
cloze:あした　たなかさんのえち{..}たずねます。:を:11
